<?xml version="1.0" encoding="UTF-8" ?>
<testsuite errors="0" failures="1" hostname="Sameer-PC" name="PokerHandsTest" skipped="0" tests="11" time="0.225" timestamp="2018-02-25T14:17:36">
  <properties>
[...]
</properties>
  <testcase classname="PokerHandsTest" name="isTwoPair" time="0.005" />
  <testcase classname="PokerHandsTest" name="getTie" time="0.0" />
  <testcase classname="PokerHandsTest" name="isPair" time="0.005" />
  <testcase classname="PokerHandsTest" name="isFullHouse" time="0.0" />
  <testcase classname="PokerHandsTest" name="isStraightFlush" time="0.005">
    <failure message="expected:&lt;5&gt; but was:&lt;8&gt;" type="junit.framework.AssertionFailedError">junit.framework.AssertionFailedError: expected:&lt;5&gt; but was:&lt;8&gt;
	at PokerHandsTest.isStraightFlush(PokerHandsTest.java:178)
	at java.base/jdk.internal.reflect.NativeMethodAccessorImpl.invoke0(Native Method)
	at java.base/jdk.internal.reflect.NativeMethodAccessorImpl.invoke(NativeMethodAccessorImpl.java:62)
	at java.base/jdk.internal.reflect.DelegatingMethodAccessorImpl.invoke(DelegatingMethodAccessorImpl.java:43)
</failure>
  </testcase>
  <testcase classname="PokerHandsTest" name="isFourOfAKind" time="0.0" />
  <testcase classname="PokerHandsTest" name="isThreeOfAKind" time="0.0" />
  <testcase classname="PokerHandsTest" name="givenPokerHands_WhenInstantiatingObject_ThenObjectCreated" time="0.005" />
  <testcase classname="PokerHandsTest" name="getWinner" time="0.0" />
  <testcase classname="PokerHandsTest" name="isStraight" time="0.0" />
  <testcase classname="PokerHandsTest" name="isFlush" time="0.0" />
  <system-out><![CDATA[]]></system-out>
  <system-err><![CDATA[]]></system-err>
</testsuite>
